BachelorThesis/app/build/intermediates/manifest_merge_blame_file/debug/manifest-merger-blame-debug-report.txt
1<?xml version="1.0" encoding="utf-8"?>
2<manifest xmlns:android="http://schemas.android.com/apk/res/android"
3    package="com.example.alexruhl.bachelorthesis"
4    android:versionCode="1"
5    android:versionName="1.0" >
6
7    <uses-sdk
8        android:minSdkVersion="15"
8-->src/main/AndroidManifest.xml
9        android:targetSdkVersion="29" />
9-->src/main/AndroidManifest.xml
10
11    <uses-permission android:name="android.permission.INTERNET" />
11-->src/main/AndroidManifest.xml:7:5-67
11-->src/main/AndroidManifest.xml:7:22-64
12
13    <application
13-->src/main/AndroidManifest.xml:10:5-80:19
14        android:allowBackup="false"
14-->src/main/AndroidManifest.xml:11:9-36
15        android:appComponentFactory="androidx.core.app.CoreComponentFactory"
15-->[androidx.core:core:1.1.0] AndroidManifest.xml:24:18-86
16        android:debuggable="true"
17        android:icon="@mipmap/ic_launcher"
17-->src/main/AndroidManifest.xml:12:9-43
18        android:label="@string/app_name"
18-->src/main/AndroidManifest.xml:13:9-41
19        android:roundIcon="@mipmap/ic_launcher_round"
19-->src/main/AndroidManifest.xml:14:9-54
20        android:supportsRtl="true"
20-->src/main/AndroidManifest.xml:15:9-35
21        android:theme="@style/AppTheme"
21-->src/main/AndroidManifest.xml:17:9-40
22        android:usesCleartextTraffic="true" >
22-->src/main/AndroidManifest.xml:16:9-44
23        <activity
23-->src/main/AndroidManifest.xml:19:9-21:52
24            android:name="com.example.alexruhl.bachelorthesis.QuestionsPLZActivity"
24-->src/main/AndroidManifest.xml:20:13-49
25            android:screenOrientation="portrait" />
25-->src/main/AndroidManifest.xml:21:13-49
26        <activity
26-->src/main/AndroidManifest.xml:22:9-24:52
27            android:name="com.example.alexruhl.bachelorthesis.QuestionsAgeActivity"
27-->src/main/AndroidManifest.xml:23:13-49
28            android:screenOrientation="portrait" />
28-->src/main/AndroidManifest.xml:24:13-49
29        <activity
29-->src/main/AndroidManifest.xml:25:9-27:52
30            android:name="com.example.alexruhl.bachelorthesis.QuestionsSportProWocheActivity"
30-->src/main/AndroidManifest.xml:26:13-59
31            android:screenOrientation="portrait" />
31-->src/main/AndroidManifest.xml:27:13-49
32        <activity
32-->src/main/AndroidManifest.xml:28:9-30:52
33            android:name="com.example.alexruhl.bachelorthesis.QuestionsZeitraumActivity"
33-->src/main/AndroidManifest.xml:29:13-54
34            android:screenOrientation="portrait" />
34-->src/main/AndroidManifest.xml:30:13-49
35        <activity
35-->src/main/AndroidManifest.xml:31:9-33:52
36            android:name="com.example.alexruhl.bachelorthesis.QuestionsStrukturActivity"
36-->src/main/AndroidManifest.xml:32:13-54
37            android:screenOrientation="portrait" />
37-->src/main/AndroidManifest.xml:33:13-49
38        <activity
38-->src/main/AndroidManifest.xml:34:9-36:52
39            android:name="com.example.alexruhl.bachelorthesis.QuestionsFesteZeitenActivity"
39-->src/main/AndroidManifest.xml:35:13-57
40            android:screenOrientation="portrait" />
40-->src/main/AndroidManifest.xml:36:13-49
41        <activity
41-->src/main/AndroidManifest.xml:37:9-39:52
42            android:name="com.example.alexruhl.bachelorthesis.InformationActivity"
42-->src/main/AndroidManifest.xml:38:13-48
43            android:screenOrientation="portrait" />
43-->src/main/AndroidManifest.xml:39:13-49
44        <activity
44-->src/main/AndroidManifest.xml:40:9-42:52
45            android:name="com.example.alexruhl.bachelorthesis.MorningActivity"
45-->src/main/AndroidManifest.xml:41:13-44
46            android:screenOrientation="portrait" />
46-->src/main/AndroidManifest.xml:42:13-49
47        <activity
47-->src/main/AndroidManifest.xml:43:9-45:52
48            android:name="com.example.alexruhl.bachelorthesis.TrainingActivity"
48-->src/main/AndroidManifest.xml:44:13-45
49            android:screenOrientation="portrait" />
49-->src/main/AndroidManifest.xml:45:13-49
50        <activity
50-->src/main/AndroidManifest.xml:46:9-48:52
51            android:name="com.example.alexruhl.bachelorthesis.FoodActivity"
51-->src/main/AndroidManifest.xml:47:13-41
52            android:screenOrientation="portrait" />
52-->src/main/AndroidManifest.xml:48:13-49
53        <activity
53-->src/main/AndroidManifest.xml:49:9-51:52
54            android:name="com.example.alexruhl.bachelorthesis.MainActivity"
54-->src/main/AndroidManifest.xml:50:13-41
55            android:screenOrientation="portrait" />
55-->src/main/AndroidManifest.xml:51:13-49
56        <activity
56-->src/main/AndroidManifest.xml:52:9-54:52
57            android:name="com.example.alexruhl.bachelorthesis.HelpActivity"
57-->src/main/AndroidManifest.xml:53:13-41
58            android:screenOrientation="portrait" />
58-->src/main/AndroidManifest.xml:54:13-49
59        <activity
59-->src/main/AndroidManifest.xml:55:9-57:52
60            android:name="com.example.alexruhl.bachelorthesis.QuestionsRegelmaessigActivity"
60-->src/main/AndroidManifest.xml:56:13-58
61            android:screenOrientation="portrait" />
61-->src/main/AndroidManifest.xml:57:13-49
62        <activity
62-->src/main/AndroidManifest.xml:58:9-60:52
63            android:name="com.example.alexruhl.bachelorthesis.QuestionsAnzahlSportartenActivity"
63-->src/main/AndroidManifest.xml:59:13-62
64            android:screenOrientation="portrait" />
64-->src/main/AndroidManifest.xml:60:13-49
65        <activity
65-->src/main/AndroidManifest.xml:61:9-69:20
66            android:name="com.example.alexruhl.bachelorthesis.StartActivity"
66-->src/main/AndroidManifest.xml:62:13-42
67            android:screenOrientation="portrait" >
67-->src/main/AndroidManifest.xml:63:13-49
68            <intent-filter>
68-->src/main/AndroidManifest.xml:64:13-68:29
69                <action android:name="android.intent.action.MAIN" />
69-->src/main/AndroidManifest.xml:65:17-69
69-->src/main/AndroidManifest.xml:65:25-66
70
71                <category android:name="android.intent.category.LAUNCHER" />
71-->src/main/AndroidManifest.xml:67:17-77
71-->src/main/AndroidManifest.xml:67:27-74
72            </intent-filter>
73        </activity>
74
75        <provider
75-->src/main/AndroidManifest.xml:71:9-79:20
76            android:name="androidx.core.content.FileProvider"
76-->src/main/AndroidManifest.xml:72:13-62
77            android:authorities="com.example.alexruhl.bachelorthesis"
77-->src/main/AndroidManifest.xml:73:13-70
78            android:exported="false"
78-->src/main/AndroidManifest.xml:74:13-37
79            android:grantUriPermissions="true" >
79-->src/main/AndroidManifest.xml:75:13-47
80            <meta-data
80-->src/main/AndroidManifest.xml:76:13-78:58
81                android:name="android.support.FILE_PROVIDER_PATHS"
81-->src/main/AndroidManifest.xml:77:17-67
82                android:resource="@xml/provider_paths" />
82-->src/main/AndroidManifest.xml:78:17-55
83        </provider>
84    </application>
85
86</manifest>